31-05-20 15:15:00 Execute: path-> startSDP.bat
31-05-20 15:15:00 Execute: argument-> 
31-05-20 15:15:00 isVistaAndAbove : TRUE
31-05-20 15:15:00 Execute: ShellExecute is Succeded!
13-06-20 12:49:51 Execute: path-> scripts\UpdMgr.bat
13-06-20 12:49:51 Execute: argument-> 
13-06-20 12:49:51 isVistaAndAbove : TRUE
13-06-20 12:49:51 Execute: ShellExecute is Succeded!
13-06-20 12:50:12 Execute: path-> scripts\UpdMgr.bat
13-06-20 12:50:12 Execute: argument-> 
13-06-20 12:50:12 isVistaAndAbove : TRUE
13-06-20 12:50:12 Execute: ShellExecute is Succeded!
19-06-20 09:37:01 Execute: path-> scripts\UpdMgr.bat
19-06-20 09:37:01 Execute: argument-> 
19-06-20 09:37:01 isVistaAndAbove : TRUE
19-06-20 09:37:01 Execute: ShellExecute is Succeded!
01-07-20 10:20:16 Execute: path-> scripts\UpdMgr.bat
01-07-20 10:20:16 Execute: argument-> 
01-07-20 10:20:16 isVistaAndAbove : TRUE
01-07-20 10:20:16 Execute: ShellExecute is Succeded!
27-07-20 09:02:29 Execute: path-> scripts\UpdMgr.bat
27-07-20 09:02:29 Execute: argument-> 
27-07-20 09:02:29 isVistaAndAbove : TRUE
27-07-20 09:02:29 Execute: ShellExecute is Succeded!
07-08-20 09:25:36 Execute: path-> scripts\UpdMgr.bat
07-08-20 09:25:36 Execute: argument-> 
07-08-20 09:25:36 isVistaAndAbove : TRUE
07-08-20 09:25:36 Execute: ShellExecute is Succeded!
19-08-20 11:15:58 Execute: path-> scripts\UpdMgr.bat
19-08-20 11:15:58 Execute: argument-> 
19-08-20 11:15:58 isVistaAndAbove : TRUE
19-08-20 11:15:58 Execute: ShellExecute is Succeded!
26-08-20 17:15:43 Execute: path-> scripts\UpdMgr.bat
26-08-20 17:15:43 Execute: argument-> 
26-08-20 17:15:43 isVistaAndAbove : TRUE
26-08-20 17:15:43 Execute: ShellExecute is Succeded!
26-08-20 17:18:09 Execute: path-> scripts\UpdMgr.bat
26-08-20 17:18:09 Execute: argument-> 
26-08-20 17:18:09 isVistaAndAbove : TRUE
26-08-20 17:18:09 Execute: ShellExecute is Succeded!
07-09-20 13:04:26 Execute: path-> scripts\UpdMgr.bat
07-09-20 13:04:26 Execute: argument-> 
07-09-20 13:04:26 isVistaAndAbove : TRUE
07-09-20 13:04:26 Execute: ShellExecute is Succeded!
24-09-20 13:41:44 Execute: path-> scripts\UpdMgr.bat
24-09-20 13:41:44 Execute: argument-> 
24-09-20 13:41:44 isVistaAndAbove : TRUE
24-09-20 13:41:44 Execute: ShellExecute is Succeded!
29-09-20 22:52:03 Execute: path-> scripts\UpdMgr.bat
29-09-20 22:52:03 Execute: argument-> 
29-09-20 22:52:03 isVistaAndAbove : TRUE
29-09-20 22:52:03 Execute: ShellExecute is Succeded!
09-10-20 11:50:05 Execute: path-> scripts\UpdMgr.bat
09-10-20 11:50:05 Execute: argument-> 
09-10-20 11:50:05 isVistaAndAbove : TRUE
09-10-20 11:50:05 Execute: ShellExecute is Succeded!
28-10-20 15:02:10 Execute: path-> scripts\UpdMgr.bat
28-10-20 15:02:10 Execute: argument-> 
28-10-20 15:02:10 isVistaAndAbove : TRUE
28-10-20 15:02:10 Execute: ShellExecute is Succeded!
04-11-20 18:56:08 Execute: path-> scripts\UpdMgr.bat
04-11-20 18:56:08 Execute: argument-> 
04-11-20 18:56:08 isVistaAndAbove : TRUE
04-11-20 18:56:08 Execute: ShellExecute is Succeded!
22-11-20 23:18:32 Execute: path-> scripts\UpdMgr.bat
22-11-20 23:18:32 Execute: argument-> 
22-11-20 23:18:32 isVistaAndAbove : TRUE
22-11-20 23:18:32 Execute: ShellExecute is Succeded!
08-12-20 17:41:46 Execute: path-> scripts\UpdMgr.bat
08-12-20 17:41:46 Execute: argument-> 
08-12-20 17:41:46 isVistaAndAbove : TRUE
08-12-20 17:41:46 Execute: ShellExecute is Succeded!
29-12-20 11:45:20 Execute: path-> scripts\UpdMgr.bat
29-12-20 11:45:20 Execute: argument-> 
29-12-20 11:45:20 isVistaAndAbove : TRUE
29-12-20 11:45:20 Execute: ShellExecute is Succeded!
04-01-21 10:20:19 Execute: path-> scripts\UpdMgr.bat
04-01-21 10:20:19 Execute: argument-> 
04-01-21 10:20:19 isVistaAndAbove : TRUE
04-01-21 10:20:19 Execute: ShellExecute is Succeded!
26-01-21 10:14:25 Execute: path-> scripts\UpdMgr.bat
26-01-21 10:14:25 Execute: argument-> 
26-01-21 10:14:25 isVistaAndAbove : TRUE
26-01-21 10:14:25 Execute: ShellExecute is Succeded!
26-01-21 10:14:48 Execute: path-> scripts\UpdMgr.bat
26-01-21 10:14:48 Execute: argument-> 
26-01-21 10:14:48 isVistaAndAbove : TRUE
26-01-21 10:14:48 Execute: ShellExecute is Succeded!
